<?xml version="1.0" encoding="UTF-8"?>
<coverage generated="1695721512707" clover="3.2.0">
  <project timestamp="1695721512707" name="All files">
    <metrics statements="144" coveredstatements="142" conditionals="63" coveredconditionals="59" methods="24" coveredmethods="24" elements="231" coveredelements="225" complexity="0" loc="144" ncloc="144" packages="2" files="6" classes="6"/>
    <package name="src">
      <metrics statements="31" coveredstatements="31" conditionals="0" coveredconditionals="0" methods="8" coveredmethods="8"/>
      <file name="App.jsx" path="C:\Users\daril\Documents\GitHub\BasicFormReact\BasicForm\src\App.jsx">
        <metrics statements="31" coveredstatements="31" conditionals="0" coveredconditionals="0" methods="8" coveredmethods="8"/>
        <line num="1" count="1" type="stmt"/>
        <line num="3" count="1" type="stmt"/>
        <line num="4" count="1" type="stmt"/>
        <line num="5" count="1" type="stmt"/>
        <line num="6" count="1" type="stmt"/>
        <line num="10" count="102" type="stmt"/>
        <line num="11" count="102" type="stmt"/>
        <line num="12" count="102" type="stmt"/>
        <line num="13" count="102" type="stmt"/>
        <line num="14" count="102" type="stmt"/>
        <line num="15" count="102" type="stmt"/>
        <line num="16" count="102" type="stmt"/>
        <line num="18" count="102" type="stmt"/>
        <line num="19" count="2" type="stmt"/>
        <line num="20" count="2" type="stmt"/>
        <line num="23" count="102" type="stmt"/>
        <line num="24" count="4" type="stmt"/>
        <line num="25" count="4" type="stmt"/>
        <line num="28" count="102" type="stmt"/>
        <line num="29" count="4" type="stmt"/>
        <line num="30" count="4" type="stmt"/>
        <line num="31" count="4" type="stmt"/>
        <line num="32" count="4" type="stmt"/>
        <line num="33" count="4" type="stmt"/>
        <line num="34" count="4" type="stmt"/>
        <line num="35" count="4" type="stmt"/>
        <line num="46" count="16" type="stmt"/>
        <line num="57" count="13" type="stmt"/>
        <line num="68" count="13" type="stmt"/>
        <line num="87" count="13" type="stmt"/>
        <line num="108" count="31" type="stmt"/>
      </file>
    </package>
    <package name="src.components">
      <metrics statements="113" coveredstatements="111" conditionals="63" coveredconditionals="59" methods="16" coveredmethods="16"/>
      <file name="Constants.js" path="C:\Users\daril\Documents\GitHub\BasicFormReact\BasicForm\src\components\Constants.js">
        <metrics statements="1" coveredstatements="1" conditionals="0" coveredconditionals="0" methods="0" coveredmethods="0"/>
        <line num="1" count="824" type="stmt"/>
      </file>
      <file name="Field.jsx" path="C:\Users\daril\Documents\GitHub\BasicFormReact\BasicForm\src\components\Field.jsx">
        <metrics statements="29" coveredstatements="29" conditionals="9" coveredconditionals="8" methods="5" coveredmethods="5"/>
        <line num="1" count="1" type="stmt"/>
        <line num="2" count="1" type="stmt"/>
        <line num="3" count="1" type="stmt"/>
        <line num="5" count="510" type="stmt"/>
        <line num="6" count="669" type="stmt"/>
        <line num="7" count="669" type="stmt"/>
        <line num="9" count="669" type="stmt"/>
        <line num="10" count="669" type="stmt"/>
        <line num="12" count="669" type="stmt"/>
        <line num="13" count="65" type="stmt"/>
        <line num="14" count="65" type="stmt"/>
        <line num="15" count="65" type="stmt"/>
        <line num="16" count="65" type="stmt"/>
        <line num="17" count="65" type="cond" truecount="2" falsecount="0"/>
        <line num="20" count="669" type="stmt"/>
        <line num="21" count="4" type="stmt"/>
        <line num="22" count="4" type="cond" truecount="1" falsecount="0"/>
        <line num="23" count="4" type="stmt"/>
        <line num="24" count="4" type="stmt"/>
        <line num="25" count="4" type="cond" truecount="1" falsecount="1"/>
        <line num="29" count="669" type="stmt"/>
        <line num="31" count="669" type="stmt"/>
        <line num="32" count="155" type="stmt"/>
        <line num="33" count="465" type="stmt"/>
        <line num="37" count="155" type="cond" truecount="1" falsecount="0"/>
        <line num="38" count="155" type="stmt"/>
        <line num="43" count="669" type="cond" truecount="2" falsecount="0"/>
        <line num="54" count="133" type="cond" truecount="1" falsecount="0"/>
        <line num="55" count="133" type="stmt"/>
      </file>
      <file name="FieldValidations.js" path="C:\Users\daril\Documents\GitHub\BasicFormReact\BasicForm\src\components\FieldValidations.js">
        <metrics statements="74" coveredstatements="72" conditionals="52" coveredconditionals="50" methods="9" coveredmethods="9"/>
        <line num="1" count="16" type="stmt"/>
        <line num="2" count="16" type="stmt"/>
        <line num="3" count="16" type="cond" truecount="2" falsecount="0"/>
        <line num="4" count="1" type="stmt"/>
        <line num="5" count="15" type="cond" truecount="2" falsecount="0"/>
        <line num="6" count="1" type="stmt"/>
        <line num="7" count="14" type="cond" truecount="2" falsecount="0"/>
        <line num="8" count="1" type="stmt"/>
        <line num="9" count="13" type="cond" truecount="4" falsecount="0"/>
        <line num="10" count="1" type="stmt"/>
        <line num="11" count="12" type="cond" truecount="3" falsecount="0"/>
        <line num="12" count="1" type="stmt"/>
        <line num="14" count="16" type="stmt"/>
        <line num="18" count="13" type="stmt"/>
        <line num="19" count="13" type="stmt"/>
        <line num="20" count="13" type="cond" truecount="2" falsecount="0"/>
        <line num="21" count="1" type="stmt"/>
        <line num="22" count="12" type="cond" truecount="2" falsecount="0"/>
        <line num="23" count="1" type="stmt"/>
        <line num="24" count="11" type="cond" truecount="1" falsecount="0"/>
        <line num="25" count="1" type="stmt"/>
        <line num="27" count="13" type="stmt"/>
        <line num="30" count="13" type="stmt"/>
        <line num="31" count="13" type="stmt"/>
        <line num="32" count="13" type="cond" truecount="2" falsecount="0"/>
        <line num="33" count="1" type="stmt"/>
        <line num="34" count="12" type="cond" truecount="2" falsecount="0"/>
        <line num="35" count="1" type="stmt"/>
        <line num="36" count="11" type="cond" truecount="1" falsecount="0"/>
        <line num="37" count="1" type="stmt"/>
        <line num="39" count="13" type="stmt"/>
        <line num="42" count="1" type="stmt"/>
        <line num="43" count="5" type="stmt"/>
        <line num="44" count="5" type="cond" truecount="2" falsecount="0"/>
        <line num="45" count="4" type="stmt"/>
        <line num="46" count="4" type="stmt"/>
        <line num="47" count="4" type="cond" truecount="6" falsecount="0"/>
        <line num="49" count="1" type="stmt"/>
        <line num="52" count="1" type="stmt"/>
        <line num="54" count="5" type="stmt"/>
        <line num="58" count="1" type="stmt"/>
        <line num="59" count="5" type="stmt"/>
        <line num="60" count="5" type="cond" truecount="4" falsecount="0"/>
        <line num="62" count="2" type="stmt"/>
        <line num="64" count="5" type="stmt"/>
        <line num="67" count="13" type="stmt"/>
        <line num="68" count="13" type="stmt"/>
        <line num="69" count="13" type="cond" truecount="2" falsecount="0"/>
        <line num="70" count="10" type="cond" truecount="2" falsecount="1"/>
        <line num="72" count="5" type="stmt"/>
        <line num="73" count="5" type="stmt"/>
        <line num="75" count="5" type="stmt"/>
        <line num="76" count="5" type="stmt"/>
        <line num="78" count="0" type="stmt"/>
        <line num="80" count="3" type="cond" truecount="2" falsecount="0"/>
        <line num="81" count="1" type="stmt"/>
        <line num="82" count="2" type="cond" truecount="1" falsecount="0"/>
        <line num="83" count="1" type="stmt"/>
        <line num="85" count="13" type="stmt"/>
        <line num="88" count="102" type="stmt"/>
        <line num="89" count="10" type="stmt"/>
        <line num="90" count="10" type="cond" truecount="0" falsecount="1"/>
        <line num="91" count="0" type="stmt"/>
        <line num="93" count="10" type="stmt"/>
        <line num="96" count="408" type="stmt"/>
        <line num="97" count="4" type="stmt"/>
        <line num="98" count="4" type="cond" truecount="1" falsecount="0"/>
        <line num="99" count="4" type="stmt"/>
        <line num="101" count="4" type="stmt"/>
        <line num="104" count="102" type="stmt"/>
        <line num="105" count="102" type="stmt"/>
        <line num="106" count="102" type="cond" truecount="7" falsecount="0"/>
        <line num="112" count="10" type="stmt"/>
        <line num="114" count="102" type="stmt"/>
      </file>
      <file name="UnsuccesfullValidation.jsx" path="C:\Users\daril\Documents\GitHub\BasicFormReact\BasicForm\src\components\UnsuccesfullValidation.jsx">
        <metrics statements="5" coveredstatements="5" conditionals="1" coveredconditionals="0" methods="1" coveredmethods="1"/>
        <line num="1" count="1" type="stmt"/>
        <line num="3" count="536" type="stmt"/>
        <line num="4" count="536" type="cond" truecount="0" falsecount="1"/>
        <line num="5" count="536" type="stmt"/>
        <line num="6" count="536" type="stmt"/>
      </file>
      <file name="ValidationMessage.jsx" path="C:\Users\daril\Documents\GitHub\BasicFormReact\BasicForm\src\components\ValidationMessage.jsx">
        <metrics statements="4" coveredstatements="4" conditionals="1" coveredconditionals="1" methods="1" coveredmethods="1"/>
        <line num="1" count="1" type="stmt"/>
        <line num="3" count="102" type="stmt"/>
        <line num="5" count="102" type="cond" truecount="1" falsecount="0"/>
        <line num="7" count="2" type="stmt"/>
      </file>
    </package>
  </project>
</coverage>
