<?xml version="1.0" encoding="UTF-8"?>
<coverage generated="1694519182102" clover="3.2.0">
  <project timestamp="1694519182102" name="All files">
    <metrics statements="29" coveredstatements="24" conditionals="6" coveredconditionals="4" methods="5" coveredmethods="4" elements="40" coveredelements="32" complexity="0" loc="29" ncloc="29" packages="2" files="3" classes="3"/>
    <package name="src">
      <metrics statements="20" coveredstatements="15" conditionals="5" coveredconditionals="3" methods="3" coveredmethods="2"/>
      <file name="App.jsx" path="C:\Users\daril\Documents\GitHub\BasicFormReact\BasicForm\src\App.jsx">
        <metrics statements="20" coveredstatements="15" conditionals="5" coveredconditionals="3" methods="3" coveredmethods="2"/>
        <line num="1" count="1" type="stmt"/>
        <line num="3" count="1" type="stmt"/>
        <line num="4" count="1" type="stmt"/>
        <line num="8" count="7" type="stmt"/>
        <line num="9" count="7" type="stmt"/>
        <line num="11" count="7" type="stmt"/>
        <line num="12" count="2" type="stmt"/>
        <line num="14" count="2" type="stmt"/>
        <line num="16" count="2" type="cond" truecount="2" falsecount="0"/>
        <line num="17" count="1" type="stmt"/>
        <line num="18" count="1" type="cond" truecount="1" falsecount="1"/>
        <line num="19" count="0" type="stmt"/>
        <line num="21" count="1" type="stmt"/>
        <line num="26" count="7" type="stmt"/>
        <line num="27" count="0" type="stmt"/>
        <line num="28" count="0" type="stmt"/>
        <line num="29" count="0" type="cond" truecount="0" falsecount="1"/>
        <line num="30" count="0" type="stmt"/>
        <line num="35" count="7" type="stmt"/>
        <line num="87" count="5" type="stmt"/>
      </file>
    </package>
    <package name="src.components">
      <metrics statements="9" coveredstatements="9" conditionals="1" coveredconditionals="1" methods="2" coveredmethods="2"/>
      <file name="HelloWorld.jsx" path="C:\Users\daril\Documents\GitHub\BasicFormReact\BasicForm\src\components\HelloWorld.jsx">
        <metrics statements="4" coveredstatements="4" conditionals="0" coveredconditionals="0" methods="1" coveredmethods="1"/>
        <line num="1" count="1" type="stmt"/>
        <line num="2" count="1" type="stmt"/>
        <line num="3" count="1" type="stmt"/>
        <line num="7" count="1" type="stmt"/>
      </file>
      <file name="UnsuccesfullValidation.jsx" path="C:\Users\daril\Documents\GitHub\BasicFormReact\BasicForm\src\components\UnsuccesfullValidation.jsx">
        <metrics statements="5" coveredstatements="5" conditionals="1" coveredconditionals="1" methods="1" coveredmethods="1"/>
        <line num="1" count="1" type="stmt"/>
        <line num="3" count="28" type="stmt"/>
        <line num="4" count="28" type="cond" truecount="1" falsecount="0"/>
        <line num="5" count="24" type="stmt"/>
        <line num="32" count="24" type="stmt"/>
      </file>
    </package>
  </project>
</coverage>
