{"C:\\Users\\daril\\Documents\\GitHub\\BasicFormReact\\BasicForm\\src\\App.jsx": {"path":"C:\\Users\\daril\\Documents\\GitHub\\BasicFormReact\\BasicForm\\src\\App.jsx","statementMap":{"0":{"start":{"line":122,"column":0},"end":{"line":122,"column":15}},"1":{"start":{"line":1,"column":18},"end":{"line":1,"column":null}},"2":{"start":{"line":3,"column":7},"end":{"line":3,"column":null}},"3":{"start":{"line":4,"column":26},"end":{"line":4,"column":null}},"4":{"start":{"line":5,"column":34},"end":{"line":5,"column":null}},"5":{"start":{"line":6,"column":95},"end":{"line":6,"column":null}},"6":{"start":{"line":10,"column":34},"end":{"line":10,"column":null}},"7":{"start":{"line":11,"column":26},"end":{"line":11,"column":null}},"8":{"start":{"line":12,"column":32},"end":{"line":12,"column":null}},"9":{"start":{"line":13,"column":32},"end":{"line":13,"column":null}},"10":{"start":{"line":14,"column":22},"end":{"line":14,"column":null}},"11":{"start":{"line":15,"column":28},"end":{"line":15,"column":null}},"12":{"start":{"line":16,"column":36},"end":{"line":16,"column":null}},"13":{"start":{"line":19,"column":20},"end":{"line":30,"column":null}},"14":{"start":{"line":20,"column":21},"end":{"line":20,"column":null}},"15":{"start":{"line":21,"column":4},"end":{"line":28,"column":null}},"16":{"start":{"line":27,"column":10},"end":{"line":27,"column":null}},"17":{"start":{"line":29,"column":4},"end":{"line":29,"column":null}},"18":{"start":{"line":32,"column":28},"end":{"line":35,"column":null}},"19":{"start":{"line":33,"column":4},"end":{"line":33,"column":null}},"20":{"start":{"line":34,"column":4},"end":{"line":34,"column":null}},"21":{"start":{"line":37,"column":22},"end":{"line":40,"column":null}},"22":{"start":{"line":38,"column":4},"end":{"line":38,"column":null}},"23":{"start":{"line":39,"column":4},"end":{"line":39,"column":null}},"24":{"start":{"line":42,"column":20},"end":{"line":50,"column":null}},"25":{"start":{"line":43,"column":4},"end":{"line":43,"column":null}},"26":{"start":{"line":44,"column":4},"end":{"line":44,"column":null}},"27":{"start":{"line":45,"column":4},"end":{"line":45,"column":null}},"28":{"start":{"line":46,"column":4},"end":{"line":46,"column":null}},"29":{"start":{"line":47,"column":4},"end":{"line":47,"column":null}},"30":{"start":{"line":48,"column":4},"end":{"line":48,"column":null}},"31":{"start":{"line":49,"column":4},"end":{"line":49,"column":null}},"32":{"start":{"line":60,"column":45},"end":{"line":60,"column":null}},"33":{"start":{"line":71,"column":45},"end":{"line":71,"column":null}},"34":{"start":{"line":82,"column":45},"end":{"line":82,"column":null}},"35":{"start":{"line":101,"column":45},"end":{"line":101,"column":null}},"36":{"start":{"line":122,"column":15},"end":{"line":122,"column":null}}},"fnMap":{"0":{"name":"App","decl":{"start":{"line":8,"column":9},"end":{"line":8,"column":null}},"loc":{"start":{"line":8,"column":9},"end":{"line":120,"column":null}}},"1":{"name":"(anonymous_5)","decl":{"start":{"line":19,"column":20},"end":{"line":19,"column":21}},"loc":{"start":{"line":19,"column":59},"end":{"line":30,"column":null}}},"2":{"name":"(anonymous_6)","decl":{"start":{"line":32,"column":28},"end":{"line":32,"column":29}},"loc":{"start":{"line":32,"column":29},"end":{"line":35,"column":null}}},"3":{"name":"(anonymous_7)","decl":{"start":{"line":37,"column":22},"end":{"line":37,"column":23}},"loc":{"start":{"line":37,"column":23},"end":{"line":40,"column":null}}},"4":{"name":"(anonymous_8)","decl":{"start":{"line":42,"column":20},"end":{"line":42,"column":null}},"loc":{"start":{"line":42,"column":20},"end":{"line":50,"column":null}}},"5":{"name":"(anonymous_9)","decl":{"start":{"line":60,"column":34},"end":{"line":60,"column":35}},"loc":{"start":{"line":60,"column":45},"end":{"line":60,"column":null}}},"6":{"name":"(anonymous_10)","decl":{"start":{"line":71,"column":34},"end":{"line":71,"column":35}},"loc":{"start":{"line":71,"column":45},"end":{"line":71,"column":null}}},"7":{"name":"(anonymous_11)","decl":{"start":{"line":82,"column":34},"end":{"line":82,"column":35}},"loc":{"start":{"line":82,"column":45},"end":{"line":82,"column":null}}},"8":{"name":"(anonymous_12)","decl":{"start":{"line":101,"column":34},"end":{"line":101,"column":35}},"loc":{"start":{"line":101,"column":45},"end":{"line":101,"column":null}}}},"branchMap":{"0":{"loc":{"start":{"line":21,"column":4},"end":{"line":28,"column":null}},"type":"if","locations":[{"start":{"line":21,"column":4},"end":{"line":28,"column":null}}]},"1":{"loc":{"start":{"line":21,"column":8},"end":{"line":26,"column":28}},"type":"binary-expr","locations":[{"start":{"line":21,"column":8},"end":{"line":21,"column":null}},{"start":{"line":22,"column":11},"end":{"line":22,"column":null}},{"start":{"line":23,"column":11},"end":{"line":23,"column":null}},{"start":{"line":24,"column":11},"end":{"line":24,"column":null}},{"start":{"line":25,"column":11},"end":{"line":25,"column":null}},{"start":{"line":26,"column":11},"end":{"line":26,"column":28}}]}},"s":{"0":29,"1":1,"2":1,"3":1,"4":1,"5":1,"6":88,"7":88,"8":88,"9":88,"10":88,"11":88,"12":88,"13":88,"14":88,"15":88,"16":6,"17":88,"18":88,"19":0,"20":0,"21":88,"22":4,"23":4,"24":88,"25":4,"26":4,"27":4,"28":4,"29":4,"30":4,"31":4,"32":14,"33":11,"34":11,"35":11,"36":1},"f":{"0":88,"1":88,"2":0,"3":4,"4":4,"5":14,"6":11,"7":11,"8":11},"b":{"0":[6],"1":[88,39,26,18,12,6]}}
,"C:\\Users\\daril\\Documents\\GitHub\\BasicFormReact\\BasicForm\\src\\components\\Constants.js": {"path":"C:\\Users\\daril\\Documents\\GitHub\\BasicFormReact\\BasicForm\\src\\components\\Constants.js","statementMap":{"0":{"start":{"line":1,"column":13},"end":{"line":1,"column":27}},"1":{"start":{"line":1,"column":27},"end":{"line":1,"column":null}}},"fnMap":{},"branchMap":{},"s":{"0":734,"1":1},"f":{},"b":{}}
,"C:\\Users\\daril\\Documents\\GitHub\\BasicFormReact\\BasicForm\\src\\components\\Field.jsx": {"path":"C:\\Users\\daril\\Documents\\GitHub\\BasicFormReact\\BasicForm\\src\\components\\Field.jsx","statementMap":{"0":{"start":{"line":5,"column":16},"end":{"line":5,"column":27}},"1":{"start":{"line":1,"column":43},"end":{"line":1,"column":null}},"2":{"start":{"line":2,"column":39},"end":{"line":2,"column":null}},"3":{"start":{"line":3,"column":28},"end":{"line":3,"column":null}},"4":{"start":{"line":6,"column":36},"end":{"line":6,"column":null}},"5":{"start":{"line":7,"column":28},"end":{"line":7,"column":null}},"6":{"start":{"line":9,"column":26},"end":{"line":9,"column":null}},"7":{"start":{"line":10,"column":20},"end":{"line":10,"column":null}},"8":{"start":{"line":12,"column":23},"end":{"line":18,"column":null}},"9":{"start":{"line":13,"column":18},"end":{"line":13,"column":36}},"10":{"start":{"line":14,"column":4},"end":{"line":14,"column":null}},"11":{"start":{"line":15,"column":21},"end":{"line":15,"column":null}},"12":{"start":{"line":16,"column":4},"end":{"line":16,"column":null}},"13":{"start":{"line":17,"column":4},"end":{"line":17,"column":null}},"14":{"start":{"line":20,"column":21},"end":{"line":27,"column":null}},"15":{"start":{"line":21,"column":18},"end":{"line":21,"column":36}},"16":{"start":{"line":22,"column":4},"end":{"line":26,"column":null}},"17":{"start":{"line":23,"column":23},"end":{"line":23,"column":null}},"18":{"start":{"line":24,"column":6},"end":{"line":24,"column":null}},"19":{"start":{"line":25,"column":6},"end":{"line":25,"column":null}},"20":{"start":{"line":29,"column":32},"end":{"line":29,"column":null}},"21":{"start":{"line":31,"column":2},"end":{"line":40,"column":null}},"22":{"start":{"line":32,"column":27},"end":{"line":34,"column":null}},"23":{"start":{"line":33,"column":6},"end":{"line":34,"column":null}},"24":{"start":{"line":37,"column":4},"end":{"line":39,"column":null}},"25":{"start":{"line":38,"column":6},"end":{"line":38,"column":null}},"26":{"start":{"line":43,"column":2},"end":{"line":63,"column":null}},"27":{"start":{"line":54,"column":9},"end":{"line":63,"column":null}},"28":{"start":{"line":55,"column":4},"end":{"line":59,"column":null}}},"fnMap":{"0":{"name":"FieldForm","decl":{"start":{"line":5,"column":16},"end":{"line":5,"column":27}},"loc":{"start":{"line":5,"column":133},"end":{"line":65,"column":null}}},"1":{"name":"(anonymous_5)","decl":{"start":{"line":12,"column":23},"end":{"line":12,"column":24}},"loc":{"start":{"line":12,"column":24},"end":{"line":18,"column":null}}},"2":{"name":"(anonymous_6)","decl":{"start":{"line":20,"column":21},"end":{"line":20,"column":22}},"loc":{"start":{"line":20,"column":22},"end":{"line":27,"column":null}}},"3":{"name":"(anonymous_7)","decl":{"start":{"line":31,"column":12},"end":{"line":31,"column":null}},"loc":{"start":{"line":31,"column":12},"end":{"line":40,"column":5}}},"4":{"name":"(anonymous_8)","decl":{"start":{"line":32,"column":43},"end":{"line":32,"column":44}},"loc":{"start":{"line":33,"column":6},"end":{"line":34,"column":null}}}},"branchMap":{"0":{"loc":{"start":{"line":17,"column":30},"end":{"line":17,"column":58}},"type":"cond-expr","locations":[{"start":{"line":17,"column":41},"end":{"line":17,"column":55}},{"start":{"line":17,"column":55},"end":{"line":17,"column":58}}]},"1":{"loc":{"start":{"line":22,"column":4},"end":{"line":26,"column":null}},"type":"if","locations":[{"start":{"line":22,"column":4},"end":{"line":26,"column":null}}]},"2":{"loc":{"start":{"line":25,"column":32},"end":{"line":25,"column":60}},"type":"cond-expr","locations":[{"start":{"line":25,"column":43},"end":{"line":25,"column":57}},{"start":{"line":25,"column":57},"end":{"line":25,"column":60}}]},"3":{"loc":{"start":{"line":37,"column":4},"end":{"line":39,"column":null}},"type":"if","locations":[{"start":{"line":37,"column":4},"end":{"line":39,"column":null}}]},"4":{"loc":{"start":{"line":43,"column":2},"end":{"line":63,"column":null}},"type":"if","locations":[{"start":{"line":43,"column":2},"end":{"line":63,"column":null}},{"start":{"line":54,"column":9},"end":{"line":63,"column":null}}]},"5":{"loc":{"start":{"line":54,"column":9},"end":{"line":63,"column":null}},"type":"if","locations":[{"start":{"line":54,"column":9},"end":{"line":63,"column":null}}]}},"s":{"0":440,"1":1,"2":1,"3":1,"4":589,"5":589,"6":589,"7":589,"8":589,"9":55,"10":55,"11":55,"12":55,"13":55,"14":589,"15":4,"16":4,"17":4,"18":4,"19":4,"20":589,"21":589,"22":145,"23":435,"24":145,"25":145,"26":589,"27":117,"28":117},"f":{"0":589,"1":55,"2":4,"3":145,"4":435},"b":{"0":[17,38],"1":[4],"2":[4,0],"3":[145],"4":[472,117],"5":[117]}}
,"C:\\Users\\daril\\Documents\\GitHub\\BasicFormReact\\BasicForm\\src\\components\\FieldValidations.js": {"path":"C:\\Users\\daril\\Documents\\GitHub\\BasicFormReact\\BasicForm\\src\\components\\FieldValidations.js","statementMap":{"0":{"start":{"line":1,"column":13},"end":{"line":1,"column":26}},"1":{"start":{"line":18,"column":13},"end":{"line":18,"column":22}},"2":{"start":{"line":30,"column":13},"end":{"line":30,"column":25}},"3":{"start":{"line":67,"column":13},"end":{"line":67,"column":20}},"4":{"start":{"line":88,"column":13},"end":{"line":88,"column":25}},"5":{"start":{"line":96,"column":13},"end":{"line":96,"column":29}},"6":{"start":{"line":1,"column":29},"end":{"line":15,"column":null}},"7":{"start":{"line":2,"column":16},"end":{"line":2,"column":null}},"8":{"start":{"line":3,"column":4},"end":{"line":13,"column":null}},"9":{"start":{"line":4,"column":6},"end":{"line":4,"column":null}},"10":{"start":{"line":5,"column":11},"end":{"line":13,"column":null}},"11":{"start":{"line":6,"column":6},"end":{"line":6,"column":null}},"12":{"start":{"line":7,"column":11},"end":{"line":13,"column":null}},"13":{"start":{"line":8,"column":6},"end":{"line":8,"column":null}},"14":{"start":{"line":9,"column":11},"end":{"line":13,"column":null}},"15":{"start":{"line":10,"column":6},"end":{"line":10,"column":null}},"16":{"start":{"line":11,"column":11},"end":{"line":13,"column":null}},"17":{"start":{"line":12,"column":6},"end":{"line":12,"column":null}},"18":{"start":{"line":14,"column":4},"end":{"line":14,"column":null}},"19":{"start":{"line":18,"column":25},"end":{"line":28,"column":null}},"20":{"start":{"line":19,"column":16},"end":{"line":19,"column":null}},"21":{"start":{"line":20,"column":4},"end":{"line":26,"column":null}},"22":{"start":{"line":21,"column":6},"end":{"line":21,"column":null}},"23":{"start":{"line":22,"column":11},"end":{"line":26,"column":null}},"24":{"start":{"line":23,"column":6},"end":{"line":23,"column":null}},"25":{"start":{"line":24,"column":11},"end":{"line":26,"column":null}},"26":{"start":{"line":25,"column":6},"end":{"line":25,"column":null}},"27":{"start":{"line":27,"column":4},"end":{"line":27,"column":null}},"28":{"start":{"line":30,"column":28},"end":{"line":40,"column":null}},"29":{"start":{"line":31,"column":16},"end":{"line":31,"column":null}},"30":{"start":{"line":32,"column":4},"end":{"line":38,"column":null}},"31":{"start":{"line":33,"column":6},"end":{"line":33,"column":null}},"32":{"start":{"line":34,"column":11},"end":{"line":38,"column":null}},"33":{"start":{"line":35,"column":6},"end":{"line":35,"column":null}},"34":{"start":{"line":36,"column":11},"end":{"line":38,"column":null}},"35":{"start":{"line":37,"column":6},"end":{"line":37,"column":null}},"36":{"start":{"line":39,"column":4},"end":{"line":39,"column":null}},"37":{"start":{"line":42,"column":26},"end":{"line":55,"column":null}},"38":{"start":{"line":43,"column":16},"end":{"line":43,"column":null}},"39":{"start":{"line":44,"column":4},"end":{"line":53,"column":null}},"40":{"start":{"line":45,"column":21},"end":{"line":45,"column":null}},"41":{"start":{"line":46,"column":22},"end":{"line":46,"column":null}},"42":{"start":{"line":47,"column":6},"end":{"line":50,"column":null}},"43":{"start":{"line":49,"column":8},"end":{"line":49,"column":null}},"44":{"start":{"line":52,"column":6},"end":{"line":52,"column":null}},"45":{"start":{"line":54,"column":4},"end":{"line":54,"column":null}},"46":{"start":{"line":58,"column":27},"end":{"line":65,"column":null}},"47":{"start":{"line":59,"column":16},"end":{"line":59,"column":null}},"48":{"start":{"line":60,"column":4},"end":{"line":63,"column":null}},"49":{"start":{"line":62,"column":6},"end":{"line":62,"column":null}},"50":{"start":{"line":64,"column":4},"end":{"line":64,"column":null}},"51":{"start":{"line":67,"column":23},"end":{"line":86,"column":null}},"52":{"start":{"line":68,"column":16},"end":{"line":68,"column":null}},"53":{"start":{"line":69,"column":4},"end":{"line":84,"column":null}},"54":{"start":{"line":70,"column":6},"end":{"line":79,"column":null}},"55":{"start":{"line":72,"column":10},"end":{"line":72,"column":null}},"56":{"start":{"line":73,"column":10},"end":{"line":73,"column":null}},"57":{"start":{"line":75,"column":10},"end":{"line":75,"column":null}},"58":{"start":{"line":76,"column":10},"end":{"line":76,"column":null}},"59":{"start":{"line":78,"column":10},"end":{"line":78,"column":null}},"60":{"start":{"line":80,"column":11},"end":{"line":84,"column":null}},"61":{"start":{"line":81,"column":6},"end":{"line":81,"column":null}},"62":{"start":{"line":82,"column":11},"end":{"line":84,"column":null}},"63":{"start":{"line":83,"column":6},"end":{"line":83,"column":null}},"64":{"start":{"line":85,"column":4},"end":{"line":85,"column":null}},"65":{"start":{"line":88,"column":28},"end":{"line":94,"column":null}},"66":{"start":{"line":89,"column":16},"end":{"line":89,"column":null}},"67":{"start":{"line":90,"column":4},"end":{"line":92,"column":null}},"68":{"start":{"line":91,"column":6},"end":{"line":91,"column":null}},"69":{"start":{"line":93,"column":4},"end":{"line":93,"column":null}},"70":{"start":{"line":96,"column":32},"end":{"line":102,"column":null}},"71":{"start":{"line":97,"column":19},"end":{"line":97,"column":null}},"72":{"start":{"line":98,"column":4},"end":{"line":100,"column":null}},"73":{"start":{"line":99,"column":6},"end":{"line":99,"column":null}},"74":{"start":{"line":101,"column":4},"end":{"line":101,"column":null}}},"fnMap":{"0":{"name":"(anonymous_7)","decl":{"start":{"line":1,"column":29},"end":{"line":1,"column":30}},"loc":{"start":{"line":1,"column":51},"end":{"line":15,"column":null}}},"1":{"name":"(anonymous_8)","decl":{"start":{"line":18,"column":25},"end":{"line":18,"column":26}},"loc":{"start":{"line":18,"column":37},"end":{"line":28,"column":null}}},"2":{"name":"(anonymous_9)","decl":{"start":{"line":30,"column":28},"end":{"line":30,"column":29}},"loc":{"start":{"line":30,"column":43},"end":{"line":40,"column":null}}},"3":{"name":"(anonymous_10)","decl":{"start":{"line":42,"column":26},"end":{"line":42,"column":27}},"loc":{"start":{"line":42,"column":27},"end":{"line":55,"column":null}}},"4":{"name":"(anonymous_11)","decl":{"start":{"line":58,"column":27},"end":{"line":58,"column":28}},"loc":{"start":{"line":58,"column":28},"end":{"line":65,"column":null}}},"5":{"name":"(anonymous_12)","decl":{"start":{"line":67,"column":23},"end":{"line":67,"column":24}},"loc":{"start":{"line":67,"column":33},"end":{"line":86,"column":null}}},"6":{"name":"(anonymous_13)","decl":{"start":{"line":88,"column":28},"end":{"line":88,"column":29}},"loc":{"start":{"line":88,"column":29},"end":{"line":94,"column":null}}},"7":{"name":"(anonymous_14)","decl":{"start":{"line":96,"column":32},"end":{"line":96,"column":33}},"loc":{"start":{"line":96,"column":33},"end":{"line":102,"column":null}}}},"branchMap":{"0":{"loc":{"start":{"line":3,"column":4},"end":{"line":13,"column":null}},"type":"if","locations":[{"start":{"line":3,"column":4},"end":{"line":13,"column":null}},{"start":{"line":5,"column":11},"end":{"line":13,"column":null}}]},"1":{"loc":{"start":{"line":5,"column":11},"end":{"line":13,"column":null}},"type":"if","locations":[{"start":{"line":5,"column":11},"end":{"line":13,"column":null}},{"start":{"line":7,"column":11},"end":{"line":13,"column":null}}]},"2":{"loc":{"start":{"line":7,"column":11},"end":{"line":13,"column":null}},"type":"if","locations":[{"start":{"line":7,"column":11},"end":{"line":13,"column":null}},{"start":{"line":9,"column":11},"end":{"line":13,"column":null}}]},"3":{"loc":{"start":{"line":9,"column":11},"end":{"line":13,"column":null}},"type":"if","locations":[{"start":{"line":9,"column":11},"end":{"line":13,"column":null}},{"start":{"line":11,"column":11},"end":{"line":13,"column":null}}]},"4":{"loc":{"start":{"line":9,"column":15},"end":{"line":9,"column":60}},"type":"binary-expr","locations":[{"start":{"line":9,"column":15},"end":{"line":9,"column":47}},{"start":{"line":9,"column":47},"end":{"line":9,"column":60}}]},"5":{"loc":{"start":{"line":11,"column":11},"end":{"line":13,"column":null}},"type":"if","locations":[{"start":{"line":11,"column":11},"end":{"line":13,"column":null}}]},"6":{"loc":{"start":{"line":11,"column":15},"end":{"line":11,"column":65}},"type":"binary-expr","locations":[{"start":{"line":11,"column":15},"end":{"line":11,"column":50}},{"start":{"line":11,"column":50},"end":{"line":11,"column":65}}]},"7":{"loc":{"start":{"line":20,"column":4},"end":{"line":26,"column":null}},"type":"if","locations":[{"start":{"line":20,"column":4},"end":{"line":26,"column":null}},{"start":{"line":22,"column":11},"end":{"line":26,"column":null}}]},"8":{"loc":{"start":{"line":22,"column":11},"end":{"line":26,"column":null}},"type":"if","locations":[{"start":{"line":22,"column":11},"end":{"line":26,"column":null}},{"start":{"line":24,"column":11},"end":{"line":26,"column":null}}]},"9":{"loc":{"start":{"line":24,"column":11},"end":{"line":26,"column":null}},"type":"if","locations":[{"start":{"line":24,"column":11},"end":{"line":26,"column":null}}]},"10":{"loc":{"start":{"line":32,"column":4},"end":{"line":38,"column":null}},"type":"if","locations":[{"start":{"line":32,"column":4},"end":{"line":38,"column":null}},{"start":{"line":34,"column":11},"end":{"line":38,"column":null}}]},"11":{"loc":{"start":{"line":34,"column":11},"end":{"line":38,"column":null}},"type":"if","locations":[{"start":{"line":34,"column":11},"end":{"line":38,"column":null}},{"start":{"line":36,"column":11},"end":{"line":38,"column":null}}]},"12":{"loc":{"start":{"line":36,"column":11},"end":{"line":38,"column":null}},"type":"if","locations":[{"start":{"line":36,"column":11},"end":{"line":38,"column":null}}]},"13":{"loc":{"start":{"line":44,"column":4},"end":{"line":53,"column":null}},"type":"if","locations":[{"start":{"line":44,"column":4},"end":{"line":53,"column":null}},{"start":{"line":51,"column":11},"end":{"line":53,"column":null}}]},"14":{"loc":{"start":{"line":47,"column":6},"end":{"line":50,"column":null}},"type":"if","locations":[{"start":{"line":47,"column":6},"end":{"line":50,"column":null}},{"start":{"line":48,"column":13},"end":{"line":50,"column":null}}]},"15":{"loc":{"start":{"line":47,"column":10},"end":{"line":47,"column":102}},"type":"binary-expr","locations":[{"start":{"line":47,"column":10},"end":{"line":47,"column":45}},{"start":{"line":47,"column":45},"end":{"line":47,"column":62}},{"start":{"line":47,"column":62},"end":{"line":47,"column":79}},{"start":{"line":47,"column":79},"end":{"line":47,"column":102}}]},"16":{"loc":{"start":{"line":60,"column":4},"end":{"line":63,"column":null}},"type":"if","locations":[{"start":{"line":60,"column":4},"end":{"line":63,"column":null}},{"start":{"line":61,"column":11},"end":{"line":63,"column":null}}]},"17":{"loc":{"start":{"line":60,"column":8},"end":{"line":60,"column":46}},"type":"binary-expr","locations":[{"start":{"line":60,"column":8},"end":{"line":60,"column":28}},{"start":{"line":60,"column":28},"end":{"line":60,"column":46}}]},"18":{"loc":{"start":{"line":69,"column":4},"end":{"line":84,"column":null}},"type":"if","locations":[{"start":{"line":69,"column":4},"end":{"line":84,"column":null}},{"start":{"line":80,"column":11},"end":{"line":84,"column":null}}]},"19":{"loc":{"start":{"line":70,"column":6},"end":{"line":79,"column":null}},"type":"switch","locations":[{"start":{"line":71,"column":8},"end":{"line":73,"column":null}},{"start":{"line":74,"column":8},"end":{"line":76,"column":null}},{"start":{"line":77,"column":8},"end":{"line":78,"column":null}}]},"20":{"loc":{"start":{"line":80,"column":11},"end":{"line":84,"column":null}},"type":"if","locations":[{"start":{"line":80,"column":11},"end":{"line":84,"column":null}},{"start":{"line":82,"column":11},"end":{"line":84,"column":null}}]},"21":{"loc":{"start":{"line":82,"column":11},"end":{"line":84,"column":null}},"type":"if","locations":[{"start":{"line":82,"column":11},"end":{"line":84,"column":null}}]},"22":{"loc":{"start":{"line":90,"column":4},"end":{"line":92,"column":null}},"type":"if","locations":[{"start":{"line":90,"column":4},"end":{"line":92,"column":null}}]},"23":{"loc":{"start":{"line":98,"column":4},"end":{"line":100,"column":null}},"type":"if","locations":[{"start":{"line":98,"column":4},"end":{"line":100,"column":null}}]}},"s":{"0":14,"1":11,"2":11,"3":11,"4":88,"5":352,"6":1,"7":14,"8":14,"9":1,"10":13,"11":1,"12":12,"13":1,"14":11,"15":1,"16":10,"17":1,"18":14,"19":1,"20":11,"21":11,"22":1,"23":10,"24":1,"25":9,"26":1,"27":11,"28":1,"29":11,"30":11,"31":1,"32":10,"33":1,"34":9,"35":1,"36":11,"37":1,"38":4,"39":4,"40":3,"41":3,"42":3,"43":1,"44":1,"45":4,"46":1,"47":4,"48":4,"49":2,"50":4,"51":1,"52":11,"53":11,"54":8,"55":4,"56":4,"57":4,"58":4,"59":0,"60":3,"61":1,"62":2,"63":1,"64":11,"65":1,"66":8,"67":8,"68":0,"69":8,"70":1,"71":4,"72":4,"73":4,"74":4},"f":{"0":14,"1":11,"2":11,"3":4,"4":4,"5":11,"6":8,"7":4},"b":{"0":[1,13],"1":[1,12],"2":[1,11],"3":[1,10],"4":[11,11],"5":[1],"6":[10,10],"7":[1,10],"8":[1,9],"9":[1],"10":[1,10],"11":[1,9],"12":[1],"13":[3,1],"14":[2,1],"15":[3,3,2,2],"16":[2,2],"17":[4,2],"18":[8,3],"19":[4,4,0],"20":[1,2],"21":[1],"22":[0],"23":[4]}}
,"C:\\Users\\daril\\Documents\\GitHub\\BasicFormReact\\BasicForm\\src\\components\\UnsuccesfullValidation.jsx": {"path":"C:\\Users\\daril\\Documents\\GitHub\\BasicFormReact\\BasicForm\\src\\components\\UnsuccesfullValidation.jsx","statementMap":{"0":{"start":{"line":3,"column":16},"end":{"line":3,"column":40}},"1":{"start":{"line":1,"column":18},"end":{"line":1,"column":null}},"2":{"start":{"line":4,"column":2},"end":{"line":4,"column":null}},"3":{"start":{"line":4,"column":23},"end":{"line":4,"column":null}},"4":{"start":{"line":5,"column":21},"end":{"line":5,"column":null}},"5":{"start":{"line":6,"column":4},"end":{"line":8,"column":null}}},"fnMap":{"0":{"name":"UnsuccesfullValidation","decl":{"start":{"line":3,"column":16},"end":{"line":3,"column":40}},"loc":{"start":{"line":3,"column":59},"end":{"line":12,"column":null}}}},"branchMap":{"0":{"loc":{"start":{"line":4,"column":2},"end":{"line":4,"column":null}},"type":"if","locations":[{"start":{"line":4,"column":2},"end":{"line":4,"column":null}}]}},"s":{"0":472,"1":1,"2":472,"3":0,"4":472,"5":472},"f":{"0":472},"b":{"0":[0]}}
,"C:\\Users\\daril\\Documents\\GitHub\\BasicFormReact\\BasicForm\\src\\components\\ValidationMessage.jsx": {"path":"C:\\Users\\daril\\Documents\\GitHub\\BasicFormReact\\BasicForm\\src\\components\\ValidationMessage.jsx","statementMap":{"0":{"start":{"line":3,"column":16},"end":{"line":3,"column":35}},"1":{"start":{"line":1,"column":32},"end":{"line":1,"column":null}},"2":{"start":{"line":5,"column":4},"end":{"line":5,"column":null}},"3":{"start":{"line":5,"column":31},"end":{"line":5,"column":null}},"4":{"start":{"line":7,"column":4},"end":{"line":10,"column":null}}},"fnMap":{"0":{"name":"ValidationMessage","decl":{"start":{"line":3,"column":16},"end":{"line":3,"column":35}},"loc":{"start":{"line":3,"column":72},"end":{"line":14,"column":null}}}},"branchMap":{"0":{"loc":{"start":{"line":5,"column":4},"end":{"line":5,"column":null}},"type":"if","locations":[{"start":{"line":5,"column":4},"end":{"line":5,"column":null}}]}},"s":{"0":88,"1":1,"2":88,"3":88,"4":0},"f":{"0":88},"b":{"0":[88]}}
}
