{"H:\\Travelport\\BasicFormReact\\BasicForm\\src\\App.jsx": {"path":"H:\\Travelport\\BasicFormReact\\BasicForm\\src\\App.jsx","statementMap":{"0":{"start":{"line":226,"column":0},"end":{"line":226,"column":15}},"1":{"start":{"line":1,"column":18},"end":{"line":1,"column":null}},"2":{"start":{"line":3,"column":7},"end":{"line":3,"column":null}},"3":{"start":{"line":4,"column":39},"end":{"line":4,"column":null}},"4":{"start":{"line":5,"column":26},"end":{"line":5,"column":null}},"5":{"start":{"line":6,"column":34},"end":{"line":6,"column":null}},"6":{"start":{"line":9,"column":34},"end":{"line":9,"column":null}},"7":{"start":{"line":10,"column":26},"end":{"line":10,"column":null}},"8":{"start":{"line":11,"column":32},"end":{"line":11,"column":null}},"9":{"start":{"line":12,"column":32},"end":{"line":12,"column":null}},"10":{"start":{"line":13,"column":22},"end":{"line":13,"column":null}},"11":{"start":{"line":14,"column":28},"end":{"line":14,"column":null}},"12":{"start":{"line":15,"column":44},"end":{"line":15,"column":null}},"13":{"start":{"line":16,"column":36},"end":{"line":16,"column":null}},"14":{"start":{"line":18,"column":24},"end":{"line":33,"column":null}},"15":{"start":{"line":19,"column":21},"end":{"line":19,"column":null}},"16":{"start":{"line":20,"column":4},"end":{"line":20,"column":null}},"17":{"start":{"line":21,"column":4},"end":{"line":31,"column":null}},"18":{"start":{"line":22,"column":6},"end":{"line":22,"column":null}},"19":{"start":{"line":23,"column":6},"end":{"line":23,"column":null}},"20":{"start":{"line":24,"column":11},"end":{"line":31,"column":null}},"21":{"start":{"line":25,"column":6},"end":{"line":25,"column":null}},"22":{"start":{"line":26,"column":11},"end":{"line":31,"column":null}},"23":{"start":{"line":27,"column":6},"end":{"line":27,"column":null}},"24":{"start":{"line":29,"column":6},"end":{"line":29,"column":null}},"25":{"start":{"line":30,"column":6},"end":{"line":30,"column":null}},"26":{"start":{"line":32,"column":4},"end":{"line":32,"column":null}},"27":{"start":{"line":35,"column":20},"end":{"line":52,"column":null}},"28":{"start":{"line":36,"column":21},"end":{"line":36,"column":null}},"29":{"start":{"line":37,"column":4},"end":{"line":37,"column":null}},"30":{"start":{"line":39,"column":4},"end":{"line":50,"column":null}},"31":{"start":{"line":40,"column":6},"end":{"line":40,"column":null}},"32":{"start":{"line":41,"column":6},"end":{"line":41,"column":null}},"33":{"start":{"line":42,"column":11},"end":{"line":50,"column":null}},"34":{"start":{"line":43,"column":6},"end":{"line":43,"column":null}},"35":{"start":{"line":44,"column":11},"end":{"line":50,"column":null}},"36":{"start":{"line":45,"column":6},"end":{"line":45,"column":null}},"37":{"start":{"line":48,"column":6},"end":{"line":48,"column":null}},"38":{"start":{"line":49,"column":6},"end":{"line":49,"column":null}},"39":{"start":{"line":51,"column":4},"end":{"line":51,"column":null}},"40":{"start":{"line":54,"column":23},"end":{"line":70,"column":null}},"41":{"start":{"line":55,"column":21},"end":{"line":55,"column":null}},"42":{"start":{"line":56,"column":4},"end":{"line":56,"column":null}},"43":{"start":{"line":57,"column":4},"end":{"line":68,"column":null}},"44":{"start":{"line":58,"column":6},"end":{"line":58,"column":null}},"45":{"start":{"line":59,"column":6},"end":{"line":59,"column":null}},"46":{"start":{"line":60,"column":11},"end":{"line":68,"column":null}},"47":{"start":{"line":61,"column":6},"end":{"line":61,"column":null}},"48":{"start":{"line":62,"column":11},"end":{"line":68,"column":null}},"49":{"start":{"line":63,"column":6},"end":{"line":63,"column":null}},"50":{"start":{"line":66,"column":6},"end":{"line":66,"column":null}},"51":{"start":{"line":67,"column":6},"end":{"line":67,"column":null}},"52":{"start":{"line":69,"column":4},"end":{"line":69,"column":null}},"53":{"start":{"line":72,"column":28},"end":{"line":82,"column":null}},"54":{"start":{"line":73,"column":21},"end":{"line":73,"column":null}},"55":{"start":{"line":74,"column":4},"end":{"line":80,"column":null}},"56":{"start":{"line":75,"column":21},"end":{"line":75,"column":null}},"57":{"start":{"line":76,"column":22},"end":{"line":76,"column":null}},"58":{"start":{"line":77,"column":6},"end":{"line":79,"column":null}},"59":{"start":{"line":78,"column":8},"end":{"line":78,"column":null}},"60":{"start":{"line":81,"column":4},"end":{"line":81,"column":null}},"61":{"start":{"line":84,"column":29},"end":{"line":90,"column":null}},"62":{"start":{"line":85,"column":21},"end":{"line":85,"column":null}},"63":{"start":{"line":86,"column":4},"end":{"line":88,"column":null}},"64":{"start":{"line":87,"column":6},"end":{"line":87,"column":null}},"65":{"start":{"line":89,"column":4},"end":{"line":89,"column":null}},"66":{"start":{"line":92,"column":18},"end":{"line":113,"column":null}},"67":{"start":{"line":93,"column":4},"end":{"line":93,"column":null}},"68":{"start":{"line":95,"column":4},"end":{"line":105,"column":null}},"69":{"start":{"line":97,"column":8},"end":{"line":97,"column":null}},"70":{"start":{"line":98,"column":8},"end":{"line":98,"column":null}},"71":{"start":{"line":100,"column":8},"end":{"line":100,"column":null}},"72":{"start":{"line":101,"column":8},"end":{"line":101,"column":null}},"73":{"start":{"line":103,"column":8},"end":{"line":103,"column":null}},"74":{"start":{"line":104,"column":8},"end":{"line":104,"column":null}},"75":{"start":{"line":106,"column":4},"end":{"line":111,"column":null}},"76":{"start":{"line":107,"column":6},"end":{"line":107,"column":null}},"77":{"start":{"line":108,"column":6},"end":{"line":108,"column":null}},"78":{"start":{"line":109,"column":11},"end":{"line":111,"column":null}},"79":{"start":{"line":110,"column":6},"end":{"line":110,"column":null}},"80":{"start":{"line":112,"column":4},"end":{"line":112,"column":null}},"81":{"start":{"line":115,"column":21},"end":{"line":122,"column":null}},"82":{"start":{"line":116,"column":21},"end":{"line":116,"column":null}},"83":{"start":{"line":117,"column":4},"end":{"line":117,"column":null}},"84":{"start":{"line":118,"column":4},"end":{"line":120,"column":null}},"85":{"start":{"line":119,"column":6},"end":{"line":119,"column":null}},"86":{"start":{"line":121,"column":4},"end":{"line":121,"column":null}},"87":{"start":{"line":124,"column":20},"end":{"line":135,"column":null}},"88":{"start":{"line":125,"column":21},"end":{"line":125,"column":null}},"89":{"start":{"line":126,"column":4},"end":{"line":133,"column":null}},"90":{"start":{"line":132,"column":10},"end":{"line":132,"column":null}},"91":{"start":{"line":134,"column":4},"end":{"line":134,"column":null}},"92":{"start":{"line":137,"column":27},"end":{"line":143,"column":null}},"93":{"start":{"line":138,"column":18},"end":{"line":138,"column":null}},"94":{"start":{"line":139,"column":4},"end":{"line":141,"column":null}},"95":{"start":{"line":140,"column":6},"end":{"line":140,"column":null}},"96":{"start":{"line":142,"column":4},"end":{"line":142,"column":null}},"97":{"start":{"line":145,"column":28},"end":{"line":148,"column":null}},"98":{"start":{"line":146,"column":4},"end":{"line":146,"column":null}},"99":{"start":{"line":147,"column":4},"end":{"line":147,"column":null}},"100":{"start":{"line":150,"column":20},"end":{"line":158,"column":null}},"101":{"start":{"line":151,"column":4},"end":{"line":151,"column":null}},"102":{"start":{"line":152,"column":4},"end":{"line":152,"column":null}},"103":{"start":{"line":153,"column":4},"end":{"line":153,"column":null}},"104":{"start":{"line":154,"column":4},"end":{"line":154,"column":null}},"105":{"start":{"line":155,"column":4},"end":{"line":155,"column":null}},"106":{"start":{"line":156,"column":4},"end":{"line":156,"column":null}},"107":{"start":{"line":157,"column":4},"end":{"line":157,"column":null}},"108":{"start":{"line":177,"column":45},"end":{"line":177,"column":null}},"109":{"start":{"line":187,"column":45},"end":{"line":187,"column":null}},"110":{"start":{"line":204,"column":45},"end":{"line":204,"column":null}},"111":{"start":{"line":226,"column":15},"end":{"line":226,"column":null}}},"fnMap":{"0":{"name":"App","decl":{"start":{"line":7,"column":9},"end":{"line":7,"column":null}},"loc":{"start":{"line":7,"column":9},"end":{"line":224,"column":null}}},"1":{"name":"(anonymous_5)","decl":{"start":{"line":18,"column":24},"end":{"line":18,"column":25}},"loc":{"start":{"line":18,"column":25},"end":{"line":33,"column":null}}},"2":{"name":"(anonymous_6)","decl":{"start":{"line":35,"column":20},"end":{"line":35,"column":21}},"loc":{"start":{"line":35,"column":32},"end":{"line":52,"column":null}}},"3":{"name":"(anonymous_7)","decl":{"start":{"line":54,"column":23},"end":{"line":54,"column":24}},"loc":{"start":{"line":54,"column":38},"end":{"line":70,"column":null}}},"4":{"name":"(anonymous_8)","decl":{"start":{"line":72,"column":28},"end":{"line":72,"column":29}},"loc":{"start":{"line":72,"column":29},"end":{"line":82,"column":null}}},"5":{"name":"(anonymous_9)","decl":{"start":{"line":84,"column":29},"end":{"line":84,"column":30}},"loc":{"start":{"line":84,"column":30},"end":{"line":90,"column":null}}},"6":{"name":"(anonymous_10)","decl":{"start":{"line":92,"column":18},"end":{"line":92,"column":19}},"loc":{"start":{"line":92,"column":28},"end":{"line":113,"column":null}}},"7":{"name":"(anonymous_11)","decl":{"start":{"line":115,"column":21},"end":{"line":115,"column":22}},"loc":{"start":{"line":115,"column":22},"end":{"line":122,"column":null}}},"8":{"name":"(anonymous_12)","decl":{"start":{"line":124,"column":20},"end":{"line":124,"column":21}},"loc":{"start":{"line":124,"column":59},"end":{"line":135,"column":null}}},"9":{"name":"(anonymous_13)","decl":{"start":{"line":137,"column":27},"end":{"line":137,"column":28}},"loc":{"start":{"line":137,"column":28},"end":{"line":143,"column":null}}},"10":{"name":"(anonymous_14)","decl":{"start":{"line":145,"column":28},"end":{"line":145,"column":29}},"loc":{"start":{"line":145,"column":29},"end":{"line":148,"column":null}}},"11":{"name":"(anonymous_15)","decl":{"start":{"line":150,"column":20},"end":{"line":150,"column":null}},"loc":{"start":{"line":150,"column":20},"end":{"line":158,"column":null}}},"12":{"name":"(anonymous_16)","decl":{"start":{"line":177,"column":34},"end":{"line":177,"column":35}},"loc":{"start":{"line":177,"column":45},"end":{"line":177,"column":null}}},"13":{"name":"(anonymous_17)","decl":{"start":{"line":187,"column":34},"end":{"line":187,"column":35}},"loc":{"start":{"line":187,"column":45},"end":{"line":187,"column":null}}},"14":{"name":"(anonymous_18)","decl":{"start":{"line":204,"column":34},"end":{"line":204,"column":35}},"loc":{"start":{"line":204,"column":45},"end":{"line":204,"column":null}}}},"branchMap":{"0":{"loc":{"start":{"line":21,"column":4},"end":{"line":31,"column":null}},"type":"if","locations":[{"start":{"line":21,"column":4},"end":{"line":31,"column":null}},{"start":{"line":24,"column":11},"end":{"line":31,"column":null}}]},"1":{"loc":{"start":{"line":24,"column":11},"end":{"line":31,"column":null}},"type":"if","locations":[{"start":{"line":24,"column":11},"end":{"line":31,"column":null}},{"start":{"line":26,"column":11},"end":{"line":31,"column":null}}]},"2":{"loc":{"start":{"line":26,"column":11},"end":{"line":31,"column":null}},"type":"if","locations":[{"start":{"line":26,"column":11},"end":{"line":31,"column":null}},{"start":{"line":28,"column":11},"end":{"line":31,"column":null}}]},"3":{"loc":{"start":{"line":39,"column":4},"end":{"line":50,"column":null}},"type":"if","locations":[{"start":{"line":39,"column":4},"end":{"line":50,"column":null}},{"start":{"line":42,"column":11},"end":{"line":50,"column":null}}]},"4":{"loc":{"start":{"line":42,"column":11},"end":{"line":50,"column":null}},"type":"if","locations":[{"start":{"line":42,"column":11},"end":{"line":50,"column":null}},{"start":{"line":44,"column":11},"end":{"line":50,"column":null}}]},"5":{"loc":{"start":{"line":44,"column":11},"end":{"line":50,"column":null}},"type":"if","locations":[{"start":{"line":44,"column":11},"end":{"line":50,"column":null}},{"start":{"line":47,"column":11},"end":{"line":50,"column":null}}]},"6":{"loc":{"start":{"line":57,"column":4},"end":{"line":68,"column":null}},"type":"if","locations":[{"start":{"line":57,"column":4},"end":{"line":68,"column":null}},{"start":{"line":60,"column":11},"end":{"line":68,"column":null}}]},"7":{"loc":{"start":{"line":60,"column":11},"end":{"line":68,"column":null}},"type":"if","locations":[{"start":{"line":60,"column":11},"end":{"line":68,"column":null}},{"start":{"line":62,"column":11},"end":{"line":68,"column":null}}]},"8":{"loc":{"start":{"line":62,"column":11},"end":{"line":68,"column":null}},"type":"if","locations":[{"start":{"line":62,"column":11},"end":{"line":68,"column":null}},{"start":{"line":65,"column":11},"end":{"line":68,"column":null}}]},"9":{"loc":{"start":{"line":74,"column":4},"end":{"line":80,"column":null}},"type":"if","locations":[{"start":{"line":74,"column":4},"end":{"line":80,"column":null}}]},"10":{"loc":{"start":{"line":77,"column":6},"end":{"line":79,"column":null}},"type":"if","locations":[{"start":{"line":77,"column":6},"end":{"line":79,"column":null}}]},"11":{"loc":{"start":{"line":77,"column":10},"end":{"line":77,"column":102}},"type":"binary-expr","locations":[{"start":{"line":77,"column":10},"end":{"line":77,"column":45}},{"start":{"line":77,"column":45},"end":{"line":77,"column":62}},{"start":{"line":77,"column":62},"end":{"line":77,"column":79}},{"start":{"line":77,"column":79},"end":{"line":77,"column":102}}]},"12":{"loc":{"start":{"line":86,"column":4},"end":{"line":88,"column":null}},"type":"if","locations":[{"start":{"line":86,"column":4},"end":{"line":88,"column":null}}]},"13":{"loc":{"start":{"line":86,"column":8},"end":{"line":86,"column":46}},"type":"binary-expr","locations":[{"start":{"line":86,"column":8},"end":{"line":86,"column":28}},{"start":{"line":86,"column":28},"end":{"line":86,"column":46}}]},"14":{"loc":{"start":{"line":95,"column":4},"end":{"line":105,"column":null}},"type":"switch","locations":[{"start":{"line":96,"column":6},"end":{"line":98,"column":null}},{"start":{"line":99,"column":6},"end":{"line":101,"column":null}},{"start":{"line":102,"column":6},"end":{"line":104,"column":null}}]},"15":{"loc":{"start":{"line":106,"column":4},"end":{"line":111,"column":null}},"type":"if","locations":[{"start":{"line":106,"column":4},"end":{"line":111,"column":null}},{"start":{"line":109,"column":11},"end":{"line":111,"column":null}}]},"16":{"loc":{"start":{"line":109,"column":11},"end":{"line":111,"column":null}},"type":"if","locations":[{"start":{"line":109,"column":11},"end":{"line":111,"column":null}}]},"17":{"loc":{"start":{"line":118,"column":4},"end":{"line":120,"column":null}},"type":"if","locations":[{"start":{"line":118,"column":4},"end":{"line":120,"column":null}}]},"18":{"loc":{"start":{"line":126,"column":4},"end":{"line":133,"column":null}},"type":"if","locations":[{"start":{"line":126,"column":4},"end":{"line":133,"column":null}}]},"19":{"loc":{"start":{"line":126,"column":8},"end":{"line":131,"column":28}},"type":"binary-expr","locations":[{"start":{"line":126,"column":8},"end":{"line":126,"column":null}},{"start":{"line":127,"column":11},"end":{"line":127,"column":null}},{"start":{"line":128,"column":11},"end":{"line":128,"column":null}},{"start":{"line":129,"column":11},"end":{"line":129,"column":null}},{"start":{"line":130,"column":11},"end":{"line":130,"column":null}},{"start":{"line":131,"column":11},"end":{"line":131,"column":28}}]},"20":{"loc":{"start":{"line":139,"column":4},"end":{"line":141,"column":null}},"type":"if","locations":[{"start":{"line":139,"column":4},"end":{"line":141,"column":null}}]}},"s":{"0":23,"1":1,"2":1,"3":1,"4":1,"5":1,"6":75,"7":75,"8":75,"9":75,"10":75,"11":75,"12":75,"13":75,"14":75,"15":11,"16":11,"17":11,"18":2,"19":2,"20":9,"21":1,"22":8,"23":1,"24":7,"25":7,"26":11,"27":75,"28":10,"29":10,"30":10,"31":1,"32":1,"33":9,"34":1,"35":8,"36":1,"37":7,"38":7,"39":10,"40":75,"41":10,"42":10,"43":10,"44":1,"45":1,"46":9,"47":1,"48":8,"49":1,"50":7,"51":7,"52":10,"53":75,"54":1,"55":1,"56":0,"57":0,"58":0,"59":0,"60":1,"61":75,"62":1,"63":1,"64":0,"65":1,"66":75,"67":10,"68":10,"69":1,"70":1,"71":1,"72":1,"73":8,"74":8,"75":10,"76":2,"77":2,"78":8,"79":8,"80":10,"81":75,"82":10,"83":10,"84":10,"85":10,"86":10,"87":75,"88":75,"89":75,"90":9,"91":75,"92":75,"93":4,"94":4,"95":4,"96":4,"97":75,"98":1,"99":1,"100":75,"101":0,"102":0,"103":0,"104":0,"105":0,"106":0,"107":0,"108":10,"109":10,"110":10,"111":1},"f":{"0":75,"1":11,"2":10,"3":10,"4":1,"5":1,"6":10,"7":10,"8":75,"9":4,"10":1,"11":0,"12":10,"13":10,"14":10},"b":{"0":[2,9],"1":[1,8],"2":[1,7],"3":[1,9],"4":[1,8],"5":[1,7],"6":[1,9],"7":[1,8],"8":[1,7],"9":[0],"10":[0],"11":[0,0,0,0],"12":[0],"13":[1,0],"14":[1,1,8],"15":[2,8],"16":[8],"17":[10],"18":[9],"19":[75,43,33,25,9,9],"20":[4]}}
,"H:\\Travelport\\BasicFormReact\\BasicForm\\src\\components\\Field.jsx": {"path":"H:\\Travelport\\BasicFormReact\\BasicForm\\src\\components\\Field.jsx","statementMap":{"0":{"start":{"line":3,"column":16},"end":{"line":3,"column":27}},"1":{"start":{"line":1,"column":32},"end":{"line":1,"column":null}},"2":{"start":{"line":4,"column":36},"end":{"line":4,"column":null}},"3":{"start":{"line":5,"column":32},"end":{"line":5,"column":null}},"4":{"start":{"line":7,"column":26},"end":{"line":7,"column":null}},"5":{"start":{"line":8,"column":20},"end":{"line":8,"column":null}},"6":{"start":{"line":10,"column":23},"end":{"line":15,"column":null}},"7":{"start":{"line":11,"column":18},"end":{"line":11,"column":36}},"8":{"start":{"line":12,"column":23},"end":{"line":12,"column":null}},"9":{"start":{"line":13,"column":4},"end":{"line":13,"column":null}},"10":{"start":{"line":14,"column":4},"end":{"line":14,"column":null}},"11":{"start":{"line":17,"column":21},"end":{"line":23,"column":null}},"12":{"start":{"line":18,"column":18},"end":{"line":18,"column":36}},"13":{"start":{"line":19,"column":4},"end":{"line":22,"column":null}},"14":{"start":{"line":20,"column":23},"end":{"line":20,"column":null}},"15":{"start":{"line":21,"column":6},"end":{"line":21,"column":null}},"16":{"start":{"line":25,"column":2},"end":{"line":44,"column":null}},"17":{"start":{"line":33,"column":4},"end":{"line":39,"column":null}},"18":{"start":{"line":36,"column":116},"end":{"line":36,"column":null}}},"fnMap":{"0":{"name":"FieldForm","decl":{"start":{"line":3,"column":16},"end":{"line":3,"column":27}},"loc":{"start":{"line":3,"column":114},"end":{"line":46,"column":null}}},"1":{"name":"(anonymous_5)","decl":{"start":{"line":10,"column":23},"end":{"line":10,"column":24}},"loc":{"start":{"line":10,"column":24},"end":{"line":15,"column":null}}},"2":{"name":"(anonymous_6)","decl":{"start":{"line":17,"column":21},"end":{"line":17,"column":22}},"loc":{"start":{"line":17,"column":22},"end":{"line":23,"column":null}}},"3":{"name":"(anonymous_7)","decl":{"start":{"line":36,"column":105},"end":{"line":36,"column":106}},"loc":{"start":{"line":36,"column":116},"end":{"line":36,"column":null}}}},"branchMap":{"0":{"loc":{"start":{"line":14,"column":30},"end":{"line":14,"column":60}},"type":"cond-expr","locations":[{"start":{"line":14,"column":43},"end":{"line":14,"column":48}},{"start":{"line":14,"column":48},"end":{"line":14,"column":60}}]},"1":{"loc":{"start":{"line":19,"column":4},"end":{"line":22,"column":null}},"type":"if","locations":[{"start":{"line":19,"column":4},"end":{"line":22,"column":null}}]},"2":{"loc":{"start":{"line":21,"column":32},"end":{"line":21,"column":62}},"type":"cond-expr","locations":[{"start":{"line":21,"column":45},"end":{"line":21,"column":50}},{"start":{"line":21,"column":50},"end":{"line":21,"column":62}}]},"3":{"loc":{"start":{"line":25,"column":2},"end":{"line":44,"column":null}},"type":"if","locations":[{"start":{"line":25,"column":2},"end":{"line":44,"column":null}},{"start":{"line":32,"column":9},"end":{"line":44,"column":null}}]}},"s":{"0":375,"1":1,"2":379,"3":379,"4":379,"5":379,"6":379,"7":41,"8":41,"9":41,"10":41,"11":379,"12":4,"13":4,"14":4,"15":4,"16":379,"17":75,"18":10},"f":{"0":379,"1":41,"2":4,"3":10},"b":{"0":[29,12],"1":[4],"2":[0,4],"3":[304,75]}}
,"H:\\Travelport\\BasicFormReact\\BasicForm\\src\\components\\UnsuccesfullValidation.jsx": {"path":"H:\\Travelport\\BasicFormReact\\BasicForm\\src\\components\\UnsuccesfullValidation.jsx","statementMap":{"0":{"start":{"line":3,"column":16},"end":{"line":3,"column":40}},"1":{"start":{"line":1,"column":18},"end":{"line":1,"column":null}},"2":{"start":{"line":4,"column":2},"end":{"line":4,"column":null}},"3":{"start":{"line":4,"column":23},"end":{"line":4,"column":null}},"4":{"start":{"line":5,"column":21},"end":{"line":5,"column":null}},"5":{"start":{"line":6,"column":2},"end":{"line":12,"column":null}},"6":{"start":{"line":7,"column":4},"end":{"line":9,"column":null}}},"fnMap":{"0":{"name":"UnsuccesfullValidation","decl":{"start":{"line":3,"column":16},"end":{"line":3,"column":40}},"loc":{"start":{"line":3,"column":77},"end":{"line":13,"column":null}}}},"branchMap":{"0":{"loc":{"start":{"line":4,"column":2},"end":{"line":4,"column":null}},"type":"if","locations":[{"start":{"line":4,"column":2},"end":{"line":4,"column":null}}]},"1":{"loc":{"start":{"line":6,"column":2},"end":{"line":12,"column":null}},"type":"if","locations":[{"start":{"line":6,"column":2},"end":{"line":12,"column":null}}]}},"s":{"0":300,"1":1,"2":300,"3":152,"4":148,"5":148,"6":6},"f":{"0":300},"b":{"0":[152],"1":[6]}}
,"H:\\Travelport\\BasicFormReact\\BasicForm\\src\\components\\ValidationMessage.jsx": {"path":"H:\\Travelport\\BasicFormReact\\BasicForm\\src\\components\\ValidationMessage.jsx","statementMap":{"0":{"start":{"line":3,"column":16},"end":{"line":3,"column":35}},"1":{"start":{"line":1,"column":32},"end":{"line":1,"column":null}},"2":{"start":{"line":5,"column":4},"end":{"line":5,"column":null}},"3":{"start":{"line":5,"column":31},"end":{"line":5,"column":null}},"4":{"start":{"line":7,"column":4},"end":{"line":10,"column":null}}},"fnMap":{"0":{"name":"ValidationMessage","decl":{"start":{"line":3,"column":16},"end":{"line":3,"column":35}},"loc":{"start":{"line":3,"column":72},"end":{"line":14,"column":null}}}},"branchMap":{"0":{"loc":{"start":{"line":5,"column":4},"end":{"line":5,"column":null}},"type":"if","locations":[{"start":{"line":5,"column":4},"end":{"line":5,"column":null}}]}},"s":{"0":75,"1":1,"2":75,"3":74,"4":1},"f":{"0":75},"b":{"0":[74]}}
}
