TN:
SF:src\App.jsx
FN:8,App
FN:19,(anonymous_5)
FN:32,(anonymous_6)
FN:37,(anonymous_7)
FN:42,(anonymous_8)
FN:60,(anonymous_9)
FN:71,(anonymous_10)
FN:82,(anonymous_11)
FN:101,(anonymous_12)
FNF:9
FNH:8
FNDA:88,App
FNDA:88,(anonymous_5)
FNDA:0,(anonymous_6)
FNDA:4,(anonymous_7)
FNDA:4,(anonymous_8)
FNDA:14,(anonymous_9)
FNDA:11,(anonymous_10)
FNDA:11,(anonymous_11)
FNDA:11,(anonymous_12)
DA:1,1
DA:3,1
DA:4,1
DA:5,1
DA:6,1
DA:10,88
DA:11,88
DA:12,88
DA:13,88
DA:14,88
DA:15,88
DA:16,88
DA:19,88
DA:20,88
DA:21,88
DA:27,6
DA:29,88
DA:32,88
DA:33,0
DA:34,0
DA:37,88
DA:38,4
DA:39,4
DA:42,88
DA:43,4
DA:44,4
DA:45,4
DA:46,4
DA:47,4
DA:48,4
DA:49,4
DA:60,14
DA:71,11
DA:82,11
DA:101,11
DA:122,29
LF:36
LH:34
BRDA:21,0,0,6
BRDA:21,1,0,88
BRDA:21,1,1,39
BRDA:21,1,2,26
BRDA:21,1,3,18
BRDA:21,1,4,12
BRDA:21,1,5,6
BRF:7
BRH:7
end_of_record
TN:
SF:src\components\Constants.js
FNF:0
FNH:0
DA:1,734
LF:1
LH:1
BRF:0
BRH:0
end_of_record
TN:
SF:src\components\Field.jsx
FN:5,FieldForm
FN:12,(anonymous_5)
FN:20,(anonymous_6)
FN:31,(anonymous_7)
FN:32,(anonymous_8)
FNF:5
FNH:5
FNDA:589,FieldForm
FNDA:55,(anonymous_5)
FNDA:4,(anonymous_6)
FNDA:145,(anonymous_7)
FNDA:435,(anonymous_8)
DA:1,1
DA:2,1
DA:3,1
DA:5,440
DA:6,589
DA:7,589
DA:9,589
DA:10,589
DA:12,589
DA:13,55
DA:14,55
DA:15,55
DA:16,55
DA:17,55
DA:20,589
DA:21,4
DA:22,4
DA:23,4
DA:24,4
DA:25,4
DA:29,589
DA:31,589
DA:32,145
DA:33,435
DA:37,145
DA:38,145
DA:43,589
DA:54,117
DA:55,117
LF:29
LH:29
BRDA:17,0,0,17
BRDA:17,0,1,38
BRDA:22,1,0,4
BRDA:25,2,0,4
BRDA:25,2,1,0
BRDA:37,3,0,145
BRDA:43,4,0,472
BRDA:43,4,1,117
BRDA:54,5,0,117
BRF:9
BRH:8
end_of_record
TN:
SF:src\components\FieldValidations.js
FN:1,(anonymous_7)
FN:18,(anonymous_8)
FN:30,(anonymous_9)
FN:42,(anonymous_10)
FN:58,(anonymous_11)
FN:67,(anonymous_12)
FN:88,(anonymous_13)
FN:96,(anonymous_14)
FNF:8
FNH:8
FNDA:14,(anonymous_7)
FNDA:11,(anonymous_8)
FNDA:11,(anonymous_9)
FNDA:4,(anonymous_10)
FNDA:4,(anonymous_11)
FNDA:11,(anonymous_12)
FNDA:8,(anonymous_13)
FNDA:4,(anonymous_14)
DA:1,14
DA:2,14
DA:3,14
DA:4,1
DA:5,13
DA:6,1
DA:7,12
DA:8,1
DA:9,11
DA:10,1
DA:11,10
DA:12,1
DA:14,14
DA:18,11
DA:19,11
DA:20,11
DA:21,1
DA:22,10
DA:23,1
DA:24,9
DA:25,1
DA:27,11
DA:30,11
DA:31,11
DA:32,11
DA:33,1
DA:34,10
DA:35,1
DA:36,9
DA:37,1
DA:39,11
DA:42,1
DA:43,4
DA:44,4
DA:45,3
DA:46,3
DA:47,3
DA:49,1
DA:52,1
DA:54,4
DA:58,1
DA:59,4
DA:60,4
DA:62,2
DA:64,4
DA:67,11
DA:68,11
DA:69,11
DA:70,8
DA:72,4
DA:73,4
DA:75,4
DA:76,4
DA:78,0
DA:80,3
DA:81,1
DA:82,2
DA:83,1
DA:85,11
DA:88,88
DA:89,8
DA:90,8
DA:91,0
DA:93,8
DA:96,352
DA:97,4
DA:98,4
DA:99,4
DA:101,4
LF:69
LH:67
BRDA:3,0,0,1
BRDA:3,0,1,13
BRDA:5,1,0,1
BRDA:5,1,1,12
BRDA:7,2,0,1
BRDA:7,2,1,11
BRDA:9,3,0,1
BRDA:9,3,1,10
BRDA:9,4,0,11
BRDA:9,4,1,11
BRDA:11,5,0,1
BRDA:11,6,0,10
BRDA:11,6,1,10
BRDA:20,7,0,1
BRDA:20,7,1,10
BRDA:22,8,0,1
BRDA:22,8,1,9
BRDA:24,9,0,1
BRDA:32,10,0,1
BRDA:32,10,1,10
BRDA:34,11,0,1
BRDA:34,11,1,9
BRDA:36,12,0,1
BRDA:44,13,0,3
BRDA:44,13,1,1
BRDA:47,14,0,2
BRDA:47,14,1,1
BRDA:47,15,0,3
BRDA:47,15,1,3
BRDA:47,15,2,2
BRDA:47,15,3,2
BRDA:60,16,0,2
BRDA:60,16,1,2
BRDA:60,17,0,4
BRDA:60,17,1,2
BRDA:69,18,0,8
BRDA:69,18,1,3
BRDA:70,19,0,4
BRDA:70,19,1,4
BRDA:70,19,2,0
BRDA:80,20,0,1
BRDA:80,20,1,2
BRDA:82,21,0,1
BRDA:90,22,0,0
BRDA:98,23,0,4
BRF:45
BRH:43
end_of_record
TN:
SF:src\components\UnsuccesfullValidation.jsx
FN:3,UnsuccesfullValidation
FNF:1
FNH:1
FNDA:472,UnsuccesfullValidation
DA:1,1
DA:3,472
DA:4,472
DA:5,472
DA:6,472
LF:5
LH:5
BRDA:4,0,0,0
BRF:1
BRH:0
end_of_record
TN:
SF:src\components\ValidationMessage.jsx
FN:3,ValidationMessage
FNF:1
FNH:1
FNDA:88,ValidationMessage
DA:1,1
DA:3,88
DA:5,88
DA:7,0
LF:4
LH:3
BRDA:5,0,0,88
BRF:1
BRH:1
end_of_record
