TN:
SF:src\App.jsx
FN:6,App
FN:14,(anonymous_5)
FN:31,(anonymous_6)
FN:38,(anonymous_7)
FN:54,(anonymous_8)
FN:66,(anonymous_9)
FN:74,(anonymous_10)
FN:107,(anonymous_11)
FNF:8
FNH:6
FNDA:17,App
FNDA:3,(anonymous_5)
FNDA:0,(anonymous_6)
FNDA:2,(anonymous_7)
FNDA:1,(anonymous_8)
FNDA:0,(anonymous_9)
FNDA:3,(anonymous_10)
FNDA:3,(anonymous_11)
DA:1,1
DA:3,1
DA:4,1
DA:8,17
DA:9,17
DA:10,17
DA:11,17
DA:12,17
DA:14,17
DA:15,3
DA:17,3
DA:19,3
DA:20,1
DA:21,2
DA:23,1
DA:24,0
DA:26,1
DA:31,17
DA:32,0
DA:33,0
DA:34,0
DA:38,17
DA:39,2
DA:40,2
DA:41,2
DA:43,2
DA:44,0
DA:45,2
DA:46,1
DA:47,1
DA:50,1
DA:54,17
DA:55,1
DA:56,1
DA:57,0
DA:58,0
DA:59,0
DA:60,0
DA:63,1
DA:66,17
DA:67,0
DA:68,0
DA:69,0
DA:71,0
DA:74,17
DA:75,3
DA:76,3
DA:86,3
DA:88,1
DA:89,1
DA:91,0
DA:92,0
DA:94,2
DA:95,2
DA:97,3
DA:98,3
DA:99,1
DA:100,2
DA:101,0
DA:107,17
DA:108,3
DA:109,3
DA:115,17
DA:167,8
LF:64
LH:48
BRDA:19,0,0,1
BRDA:19,0,1,2
BRDA:21,1,0,1
BRDA:21,1,1,1
BRDA:23,2,0,0
BRDA:23,2,1,1
BRDA:33,3,0,0
BRDA:43,4,0,0
BRDA:43,4,1,2
BRDA:45,5,0,1
BRDA:45,5,1,1
BRDA:56,6,0,0
BRDA:59,7,0,0
BRDA:59,8,0,0
BRDA:59,8,1,0
BRDA:68,9,0,0
BRDA:68,10,0,0
BRDA:68,10,1,0
BRDA:86,11,0,1
BRDA:86,11,1,0
BRDA:86,11,2,2
BRDA:98,12,0,1
BRDA:98,12,1,2
BRDA:100,13,0,0
BRF:24
BRH:12
end_of_record
TN:
SF:src\components\HelloWorld.jsx
FN:2,(anonymous_4)
FNF:1
FNH:1
FNDA:1,(anonymous_4)
DA:1,1
DA:2,1
DA:3,1
DA:7,1
LF:4
LH:4
BRF:0
BRH:0
end_of_record
TN:
SF:src\components\UnsuccesfullValidation.jsx
FN:3,UnsuccesfullValidation
FNF:1
FNH:1
FNDA:68,UnsuccesfullValidation
DA:1,1
DA:3,68
DA:4,68
DA:5,56
DA:32,56
LF:5
LH:5
BRDA:4,0,0,12
BRF:1
BRH:1
end_of_record
